<?xml version="1.0" encoding="UTF-8"?>
<testng-results skipped="0" failed="0" ignored="0" total="1" passed="1">
  <reporter-output>
  </reporter-output>
  <suite name="Banking_Project" duration-ms="8108" started-at="2022-08-04T04:59:36Z" finished-at="2022-08-04T04:59:44Z">
    <groups>
    </groups>
    <test name="BankingApp Test" duration-ms="8108" started-at="2022-08-04T04:59:36Z" finished-at="2022-08-04T04:59:44Z">
      <class name="com.inetbanking.testCases.TC_LoginTest_001">
        <test-method status="PASS" signature="setup(java.lang.String)[pri:0, instance:com.inetbanking.testCases.TC_LoginTest_001@3d24753a]" name="setup" is-config="true" duration-ms="4821" started-at="2022-08-04T04:59:36Z" finished-at="2022-08-04T04:59:41Z">
          <params>
            <param index="0">
              <value>
                <![CDATA[chrome]]>
              </value>
            </param>
          </params>
          <reporter-output>
          </reporter-output>
        </test-method> <!-- setup -->
        <test-method status="PASS" signature="loginTest()[pri:0, instance:com.inetbanking.testCases.TC_LoginTest_001@3d24753a]" name="loginTest" duration-ms="2358" started-at="2022-08-04T04:59:41Z" finished-at="2022-08-04T04:59:44Z">
          <reporter-output>
          </reporter-output>
        </test-method> <!-- loginTest -->
        <test-method status="PASS" signature="tearDown()[pri:0, instance:com.inetbanking.testCases.TC_LoginTest_001@3d24753a]" name="tearDown" is-config="true" duration-ms="642" started-at="2022-08-04T04:59:44Z" finished-at="2022-08-04T04:59:44Z">
          <reporter-output>
          </reporter-output>
        </test-method> <!-- tearDown -->
      </class> <!-- com.inetbanking.testCases.TC_LoginTest_001 -->
    </test> <!-- BankingApp Test -->
  </suite> <!-- Banking_Project -->
</testng-results>
